{"C:\\Users\\APDAPD\\Desktop\\mysql\\Team4Pr\\src\\controllers\\users.controller.js": {"path":"C:\\Users\\APDAPD\\Desktop\\mysql\\Team4Pr\\src\\controllers\\users.controller.js","statementMap":{"0":{"start":{"line":6,"column":4},"end":{"line":6,"column":35}},"1":{"start":{"line":8,"column":11},"end":{"line":27,"column":3}},"2":{"start":{"line":9,"column":4},"end":{"line":26,"column":5}},"3":{"start":{"line":10,"column":81},"end":{"line":10,"column":89}},"4":{"start":{"line":11,"column":6},"end":{"line":13,"column":7}},"5":{"start":{"line":12,"column":8},"end":{"line":12,"column":51}},"6":{"start":{"line":14,"column":6},"end":{"line":16,"column":7}},"7":{"start":{"line":15,"column":8},"end":{"line":15,"column":54}},"8":{"start":{"line":17,"column":6},"end":{"line":19,"column":7}},"9":{"start":{"line":18,"column":8},"end":{"line":18,"column":53}},"10":{"start":{"line":20,"column":6},"end":{"line":20,"column":61}},"11":{"start":{"line":21,"column":25},"end":{"line":21,"column":103}},"12":{"start":{"line":23,"column":6},"end":{"line":23,"column":68}},"13":{"start":{"line":25,"column":6},"end":{"line":25,"column":15}},"14":{"start":{"line":28,"column":10},"end":{"line":55,"column":3}},"15":{"start":{"line":29,"column":4},"end":{"line":54,"column":5}},"16":{"start":{"line":30,"column":34},"end":{"line":30,"column":42}},"17":{"start":{"line":31,"column":6},"end":{"line":33,"column":7}},"18":{"start":{"line":32,"column":8},"end":{"line":32,"column":52}},"19":{"start":{"line":34,"column":19},"end":{"line":34,"column":68}},"20":{"start":{"line":35,"column":25},"end":{"line":35,"column":29}},"21":{"start":{"line":37,"column":21},"end":{"line":37,"column":61}},"22":{"start":{"line":38,"column":6},"end":{"line":43,"column":8}},"23":{"start":{"line":44,"column":6},"end":{"line":50,"column":8}},"24":{"start":{"line":51,"column":6},"end":{"line":51,"column":105}},"25":{"start":{"line":53,"column":6},"end":{"line":53,"column":16}},"26":{"start":{"line":56,"column":22},"end":{"line":65,"column":3}},"27":{"start":{"line":57,"column":23},"end":{"line":57,"column":31}},"28":{"start":{"line":58,"column":29},"end":{"line":58,"column":40}},"29":{"start":{"line":59,"column":4},"end":{"line":61,"column":5}},"30":{"start":{"line":60,"column":6},"end":{"line":60,"column":55}},"31":{"start":{"line":64,"column":4},"end":{"line":64,"column":51}}},"fnMap":{"0":{"name":"(anonymous_0)","decl":{"start":{"line":5,"column":2},"end":{"line":5,"column":3}},"loc":{"start":{"line":5,"column":27},"end":{"line":7,"column":3}},"line":5},"1":{"name":"(anonymous_1)","decl":{"start":{"line":8,"column":11},"end":{"line":8,"column":12}},"loc":{"start":{"line":8,"column":37},"end":{"line":27,"column":3}},"line":8},"2":{"name":"(anonymous_2)","decl":{"start":{"line":28,"column":10},"end":{"line":28,"column":11}},"loc":{"start":{"line":28,"column":36},"end":{"line":55,"column":3}},"line":28},"3":{"name":"(anonymous_3)","decl":{"start":{"line":56,"column":22},"end":{"line":56,"column":23}},"loc":{"start":{"line":56,"column":48},"end":{"line":65,"column":3}},"line":56}},"branchMap":{"0":{"loc":{"start":{"line":11,"column":6},"end":{"line":13,"column":7}},"type":"if","locations":[{"start":{"line":11,"column":6},"end":{"line":13,"column":7}},{"start":{},"end":{}}],"line":11},"1":{"loc":{"start":{"line":11,"column":10},"end":{"line":11,"column":88}},"type":"binary-expr","locations":[{"start":{"line":11,"column":10},"end":{"line":11,"column":16}},{"start":{"line":11,"column":20},"end":{"line":11,"column":29}},{"start":{"line":11,"column":33},"end":{"line":11,"column":47}},{"start":{"line":11,"column":51},"end":{"line":11,"column":56}},{"start":{"line":11,"column":60},"end":{"line":11,"column":72}},{"start":{"line":11,"column":76},"end":{"line":11,"column":88}}],"line":11},"2":{"loc":{"start":{"line":14,"column":6},"end":{"line":16,"column":7}},"type":"if","locations":[{"start":{"line":14,"column":6},"end":{"line":16,"column":7}},{"start":{},"end":{}}],"line":14},"3":{"loc":{"start":{"line":14,"column":10},"end":{"line":14,"column":70}},"type":"binary-expr","locations":[{"start":{"line":14,"column":10},"end":{"line":14,"column":21}},{"start":{"line":14,"column":25},"end":{"line":14,"column":70}}],"line":14},"4":{"loc":{"start":{"line":17,"column":6},"end":{"line":19,"column":7}},"type":"if","locations":[{"start":{"line":17,"column":6},"end":{"line":19,"column":7}},{"start":{},"end":{}}],"line":17},"5":{"loc":{"start":{"line":31,"column":6},"end":{"line":33,"column":7}},"type":"if","locations":[{"start":{"line":31,"column":6},"end":{"line":33,"column":7}},{"start":{},"end":{}}],"line":31},"6":{"loc":{"start":{"line":31,"column":10},"end":{"line":31,"column":29}},"type":"binary-expr","locations":[{"start":{"line":31,"column":10},"end":{"line":31,"column":16}},{"start":{"line":31,"column":20},"end":{"line":31,"column":29}}],"line":31},"7":{"loc":{"start":{"line":59,"column":4},"end":{"line":61,"column":5}},"type":"if","locations":[{"start":{"line":59,"column":4},"end":{"line":61,"column":5}},{"start":{},"end":{}}],"line":59}},"s":{"0":1,"1":1,"2":4,"3":4,"4":4,"5":1,"6":3,"7":1,"8":2,"9":1,"10":1,"11":1,"12":1,"13":3,"14":1,"15":2,"16":2,"17":2,"18":1,"19":1,"20":1,"21":1,"22":1,"23":1,"24":1,"25":1,"26":1,"27":0,"28":0,"29":0,"30":0,"31":0},"f":{"0":1,"1":4,"2":2,"3":0},"b":{"0":[1,3],"1":[4,4,4,3,3,3],"2":[1,2],"3":[3,3],"4":[1,1],"5":[1,1],"6":[2,2],"7":[0,0]},"_coverageSchema":"1a1c01bbd47fc00a2c39e90264f33305004495a9","hash":"2a2ef1d268b5550be2fd637efb7b5a99bf172e06"}
,"C:\\Users\\APDAPD\\Desktop\\mysql\\Team4Pr\\src\\model\\redis.js": {"path":"C:\\Users\\APDAPD\\Desktop\\mysql\\Team4Pr\\src\\model\\redis.js","statementMap":{"0":{"start":{"line":4,"column":27},"end":{"line":7,"column":2}},"1":{"start":{"line":8,"column":0},"end":{"line":10,"column":3}},"2":{"start":{"line":9,"column":2},"end":{"line":9,"column":35}},"3":{"start":{"line":11,"column":0},"end":{"line":13,"column":3}},"4":{"start":{"line":12,"column":2},"end":{"line":12,"column":43}},"5":{"start":{"line":14,"column":0},"end":{"line":14,"column":29}},"6":{"start":{"line":15,"column":24},"end":{"line":15,"column":38}}},"fnMap":{"0":{"name":"(anonymous_0)","decl":{"start":{"line":8,"column":26},"end":{"line":8,"column":27}},"loc":{"start":{"line":8,"column":32},"end":{"line":10,"column":1}},"line":8},"1":{"name":"(anonymous_1)","decl":{"start":{"line":11,"column":24},"end":{"line":11,"column":25}},"loc":{"start":{"line":11,"column":33},"end":{"line":13,"column":1}},"line":11}},"branchMap":{},"s":{"0":1,"1":1,"2":0,"3":1,"4":0,"5":1,"6":1},"f":{"0":0,"1":0},"b":{},"_coverageSchema":"1a1c01bbd47fc00a2c39e90264f33305004495a9","hash":"6ee790f8b42e9de6fea0a3f3ff04412d1a5f73d2"}
,"C:\\Users\\APDAPD\\Desktop\\mysql\\Team4Pr\\src\\repositories\\users.repository.js": {"path":"C:\\Users\\APDAPD\\Desktop\\mysql\\Team4Pr\\src\\repositories\\users.repository.js","statementMap":{"0":{"start":{"line":3,"column":4},"end":{"line":3,"column":25}},"1":{"start":{"line":5,"column":20},"end":{"line":12,"column":3}},"2":{"start":{"line":6,"column":21},"end":{"line":10,"column":6}},"3":{"start":{"line":11,"column":4},"end":{"line":11,"column":20}},"4":{"start":{"line":13,"column":20},"end":{"line":24,"column":3}},"5":{"start":{"line":14,"column":19},"end":{"line":22,"column":6}},"6":{"start":{"line":23,"column":4},"end":{"line":23,"column":18}},"7":{"start":{"line":25,"column":26},"end":{"line":32,"column":3}},"8":{"start":{"line":26,"column":19},"end":{"line":30,"column":6}},"9":{"start":{"line":31,"column":4},"end":{"line":31,"column":17}}},"fnMap":{"0":{"name":"(anonymous_0)","decl":{"start":{"line":2,"column":2},"end":{"line":2,"column":3}},"loc":{"start":{"line":2,"column":22},"end":{"line":4,"column":3}},"line":2},"1":{"name":"(anonymous_1)","decl":{"start":{"line":5,"column":20},"end":{"line":5,"column":21}},"loc":{"start":{"line":5,"column":37},"end":{"line":12,"column":3}},"line":5},"2":{"name":"(anonymous_2)","decl":{"start":{"line":13,"column":20},"end":{"line":13,"column":21}},"loc":{"start":{"line":13,"column":79},"end":{"line":24,"column":3}},"line":13},"3":{"name":"(anonymous_3)","decl":{"start":{"line":25,"column":26},"end":{"line":25,"column":27}},"loc":{"start":{"line":25,"column":49},"end":{"line":32,"column":3}},"line":25}},"branchMap":{},"s":{"0":1,"1":1,"2":1,"3":1,"4":1,"5":1,"6":1,"7":1,"8":1,"9":1},"f":{"0":1,"1":1,"2":1,"3":1},"b":{},"_coverageSchema":"1a1c01bbd47fc00a2c39e90264f33305004495a9","hash":"77f748c13f8e23076f59223438a5981ca5d3a10f"}
,"C:\\Users\\APDAPD\\Desktop\\mysql\\Team4Pr\\src\\services\\users.service.js": {"path":"C:\\Users\\APDAPD\\Desktop\\mysql\\Team4Pr\\src\\services\\users.service.js","statementMap":{"0":{"start":{"line":8,"column":4},"end":{"line":8,"column":41}},"1":{"start":{"line":10,"column":11},"end":{"line":30,"column":3}},"2":{"start":{"line":11,"column":17},"end":{"line":11,"column":65}},"3":{"start":{"line":12,"column":4},"end":{"line":14,"column":5}},"4":{"start":{"line":13,"column":6},"end":{"line":13,"column":50}},"5":{"start":{"line":15,"column":21},"end":{"line":15,"column":81}},"6":{"start":{"line":16,"column":4},"end":{"line":18,"column":5}},"7":{"start":{"line":17,"column":6},"end":{"line":17,"column":51}},"8":{"start":{"line":19,"column":27},"end":{"line":19,"column":58}},"9":{"start":{"line":20,"column":24},"end":{"line":20,"column":120}},"10":{"start":{"line":21,"column":4},"end":{"line":29,"column":5}},"11":{"start":{"line":31,"column":24},"end":{"line":38,"column":3}},"12":{"start":{"line":32,"column":18},"end":{"line":32,"column":37}},"13":{"start":{"line":33,"column":21},"end":{"line":33,"column":44}},"14":{"start":{"line":34,"column":4},"end":{"line":36,"column":5}},"15":{"start":{"line":35,"column":6},"end":{"line":35,"column":67}},"16":{"start":{"line":37,"column":4},"end":{"line":37,"column":20}},"17":{"start":{"line":39,"column":14},"end":{"line":47,"column":3}},"18":{"start":{"line":40,"column":17},"end":{"line":40,"column":65}},"19":{"start":{"line":41,"column":4},"end":{"line":41,"column":63}},"20":{"start":{"line":41,"column":15},"end":{"line":41,"column":63}},"21":{"start":{"line":42,"column":28},"end":{"line":42,"column":73}},"22":{"start":{"line":43,"column":4},"end":{"line":45,"column":5}},"23":{"start":{"line":44,"column":6},"end":{"line":44,"column":55}},"24":{"start":{"line":46,"column":4},"end":{"line":46,"column":16}},"25":{"start":{"line":50,"column":14},"end":{"line":68,"column":3}},"26":{"start":{"line":51,"column":18},"end":{"line":54,"column":26}},"27":{"start":{"line":55,"column":25},"end":{"line":58,"column":26}},"28":{"start":{"line":59,"column":24},"end":{"line":59,"column":41}},"29":{"start":{"line":60,"column":31},"end":{"line":60,"column":55}},"30":{"start":{"line":61,"column":4},"end":{"line":61,"column":85}},"31":{"start":{"line":63,"column":4},"end":{"line":66,"column":5}}},"fnMap":{"0":{"name":"(anonymous_0)","decl":{"start":{"line":7,"column":2},"end":{"line":7,"column":3}},"loc":{"start":{"line":7,"column":30},"end":{"line":9,"column":3}},"line":7},"1":{"name":"(anonymous_1)","decl":{"start":{"line":10,"column":11},"end":{"line":10,"column":12}},"loc":{"start":{"line":10,"column":70},"end":{"line":30,"column":3}},"line":10},"2":{"name":"(anonymous_2)","decl":{"start":{"line":31,"column":24},"end":{"line":31,"column":25}},"loc":{"start":{"line":31,"column":47},"end":{"line":38,"column":3}},"line":31},"3":{"name":"(anonymous_3)","decl":{"start":{"line":39,"column":14},"end":{"line":39,"column":15}},"loc":{"start":{"line":39,"column":41},"end":{"line":47,"column":3}},"line":39},"4":{"name":"(anonymous_4)","decl":{"start":{"line":50,"column":14},"end":{"line":50,"column":15}},"loc":{"start":{"line":50,"column":32},"end":{"line":68,"column":3}},"line":50}},"branchMap":{"0":{"loc":{"start":{"line":12,"column":4},"end":{"line":14,"column":5}},"type":"if","locations":[{"start":{"line":12,"column":4},"end":{"line":14,"column":5}},{"start":{},"end":{}}],"line":12},"1":{"loc":{"start":{"line":16,"column":4},"end":{"line":18,"column":5}},"type":"if","locations":[{"start":{"line":16,"column":4},"end":{"line":18,"column":5}},{"start":{},"end":{}}],"line":16},"2":{"loc":{"start":{"line":34,"column":4},"end":{"line":36,"column":5}},"type":"if","locations":[{"start":{"line":34,"column":4},"end":{"line":36,"column":5}},{"start":{},"end":{}}],"line":34},"3":{"loc":{"start":{"line":41,"column":4},"end":{"line":41,"column":63}},"type":"if","locations":[{"start":{"line":41,"column":4},"end":{"line":41,"column":63}},{"start":{},"end":{}}],"line":41},"4":{"loc":{"start":{"line":43,"column":4},"end":{"line":45,"column":5}},"type":"if","locations":[{"start":{"line":43,"column":4},"end":{"line":45,"column":5}},{"start":{},"end":{}}],"line":43}},"s":{"0":1,"1":1,"2":3,"3":3,"4":1,"5":2,"6":2,"7":1,"8":1,"9":1,"10":1,"11":1,"12":2,"13":2,"14":2,"15":1,"16":1,"17":1,"18":3,"19":3,"20":1,"21":2,"22":2,"23":1,"24":1,"25":1,"26":0,"27":0,"28":0,"29":0,"30":0,"31":0},"f":{"0":1,"1":3,"2":2,"3":3,"4":0},"b":{"0":[1,2],"1":[1,1],"2":[1,1],"3":[1,2],"4":[1,1]},"_coverageSchema":"1a1c01bbd47fc00a2c39e90264f33305004495a9","hash":"4867f8f94a606f073e651df9ecc69fce33aee44d"}
,"C:\\Users\\APDAPD\\Desktop\\mysql\\Team4Pr\\src\\utils\\errorHandler.js": {"path":"C:\\Users\\APDAPD\\Desktop\\mysql\\Team4Pr\\src\\utils\\errorHandler.js","statementMap":{"0":{"start":{"line":3,"column":4},"end":{"line":3,"column":19}},"1":{"start":{"line":4,"column":4},"end":{"line":4,"column":33}},"2":{"start":{"line":5,"column":4},"end":{"line":5,"column":27}}},"fnMap":{"0":{"name":"(anonymous_0)","decl":{"start":{"line":2,"column":2},"end":{"line":2,"column":3}},"loc":{"start":{"line":2,"column":44},"end":{"line":6,"column":3}},"line":2}},"branchMap":{},"s":{"0":13,"1":13,"2":13},"f":{"0":13},"b":{},"_coverageSchema":"1a1c01bbd47fc00a2c39e90264f33305004495a9","hash":"9244ae3f5e837d54c3ca8ff19a46d495aa61c86c"}
}
