TN:
SF:src\controllers\reviews.controller.js
FN:4,(anonymous_0)
FN:8,(anonymous_1)
FN:34,(anonymous_2)
FN:55,(anonymous_3)
FN:92,(anonymous_4)
FNF:5
FNH:5
FNDA:1,(anonymous_0)
FNDA:1,(anonymous_1)
FNDA:1,(anonymous_2)
FNDA:1,(anonymous_3)
FNDA:1,(anonymous_4)
DA:5,1
DA:8,1
DA:9,1
DA:10,1
DA:11,1
DA:12,1
DA:14,1
DA:15,0
DA:18,1
DA:20,1
DA:21,0
DA:24,1
DA:25,0
DA:28,1
DA:30,0
DA:34,1
DA:35,1
DA:36,1
DA:38,1
DA:39,0
DA:42,1
DA:44,1
DA:45,0
DA:48,1
DA:51,0
DA:55,1
DA:56,1
DA:57,1
DA:58,1
DA:59,1
DA:61,1
DA:62,0
DA:65,1
DA:66,0
DA:69,1
DA:71,1
DA:72,0
DA:75,1
DA:76,0
DA:79,1
DA:81,1
DA:82,0
DA:85,1
DA:88,0
DA:92,1
DA:93,1
DA:94,1
DA:95,1
DA:97,1
DA:98,0
DA:101,1
DA:103,1
DA:104,0
DA:107,1
DA:109,1
DA:113,0
LF:56
LH:40
BRDA:14,0,0,0
BRDA:14,0,1,1
BRDA:14,1,0,1
BRDA:14,1,1,1
BRDA:14,1,2,1
BRDA:14,1,3,1
BRDA:20,2,0,0
BRDA:20,2,1,1
BRDA:24,3,0,0
BRDA:24,3,1,1
BRDA:24,4,0,1
BRDA:24,4,1,1
BRDA:38,5,0,0
BRDA:38,5,1,1
BRDA:44,6,0,0
BRDA:44,6,1,1
BRDA:61,7,0,0
BRDA:61,7,1,1
BRDA:61,8,0,1
BRDA:61,8,1,1
BRDA:61,8,2,1
BRDA:61,8,3,1
BRDA:65,9,0,0
BRDA:65,9,1,1
BRDA:65,10,0,1
BRDA:65,10,1,1
BRDA:71,11,0,0
BRDA:71,11,1,1
BRDA:75,12,0,0
BRDA:75,12,1,1
BRDA:81,13,0,0
BRDA:81,13,1,1
BRDA:97,14,0,0
BRDA:97,14,1,1
BRDA:97,15,0,1
BRDA:97,15,1,1
BRDA:103,16,0,0
BRDA:103,16,1,1
BRF:38
BRH:26
end_of_record
TN:
SF:src\controllers\trainers.controller.js
FN:4,(anonymous_0)
FN:8,(anonymous_1)
FN:22,(anonymous_2)
FN:31,(anonymous_3)
FN:45,(anonymous_4)
FN:62,(anonymous_5)
FN:82,(anonymous_6)
FN:99,(anonymous_7)
FNF:8
FNH:2
FNDA:1,(anonymous_0)
FNDA:0,(anonymous_1)
FNDA:0,(anonymous_2)
FNDA:0,(anonymous_3)
FNDA:0,(anonymous_4)
FNDA:3,(anonymous_5)
FNDA:0,(anonymous_6)
FNDA:0,(anonymous_7)
DA:5,1
DA:8,1
DA:9,0
DA:10,0
DA:11,0
DA:12,0
DA:15,0
DA:16,0
DA:18,0
DA:22,1
DA:23,0
DA:24,0
DA:25,0
DA:27,0
DA:31,1
DA:32,0
DA:33,0
DA:34,0
DA:35,0
DA:38,0
DA:39,0
DA:41,0
DA:45,1
DA:46,0
DA:47,0
DA:48,0
DA:49,0
DA:50,0
DA:51,0
DA:53,0
DA:54,0
DA:55,0
DA:57,0
DA:62,1
DA:63,3
DA:64,3
DA:65,3
DA:66,1
DA:68,2
DA:70,2
DA:71,1
DA:74,1
DA:76,1
DA:78,2
DA:82,1
DA:83,0
DA:84,0
DA:85,0
DA:86,0
DA:88,0
DA:89,0
DA:90,0
DA:92,0
DA:93,0
DA:95,0
DA:99,1
DA:100,0
DA:101,0
DA:102,0
DA:103,0
DA:106,0
DA:107,0
DA:110,0
LF:63
LH:18
BRDA:11,0,0,0
BRDA:11,0,1,0
BRDA:11,1,0,0
BRDA:11,1,1,0
BRDA:11,1,2,0
BRDA:11,1,3,0
BRDA:11,1,4,0
BRDA:34,2,0,0
BRDA:34,2,1,0
BRDA:50,3,0,0
BRDA:50,3,1,0
BRDA:54,4,0,0
BRDA:54,4,1,0
BRDA:65,5,0,1
BRDA:65,5,1,2
BRDA:70,6,0,1
BRDA:70,6,1,1
BRDA:85,7,0,0
BRDA:85,7,1,0
BRDA:89,8,0,0
BRDA:89,8,1,0
BRDA:89,9,0,0
BRDA:89,9,1,0
BRDA:89,9,2,0
BRDA:89,9,3,0
BRDA:102,10,0,0
BRDA:102,10,1,0
BRF:27
BRH:4
end_of_record
TN:
SF:src\controllers\users.controller.js
FN:5,(anonymous_0)
FN:8,(anonymous_1)
FN:28,(anonymous_2)
FN:56,(anonymous_3)
FNF:4
FNH:3
FNDA:1,(anonymous_0)
FNDA:4,(anonymous_1)
FNDA:2,(anonymous_2)
FNDA:0,(anonymous_3)
DA:6,1
DA:8,1
DA:9,4
DA:10,4
DA:11,4
DA:12,1
DA:14,3
DA:15,1
DA:17,2
DA:18,1
DA:20,1
DA:21,1
DA:23,1
DA:25,3
DA:28,1
DA:29,2
DA:30,2
DA:31,2
DA:32,1
DA:34,1
DA:35,1
DA:37,1
DA:38,1
DA:44,1
DA:51,1
DA:53,1
DA:56,1
DA:57,0
DA:58,0
DA:59,0
DA:60,0
DA:64,0
LF:32
LH:27
BRDA:11,0,0,1
BRDA:11,0,1,3
BRDA:11,1,0,4
BRDA:11,1,1,4
BRDA:11,1,2,4
BRDA:11,1,3,3
BRDA:11,1,4,3
BRDA:11,1,5,3
BRDA:14,2,0,1
BRDA:14,2,1,2
BRDA:14,3,0,3
BRDA:14,3,1,3
BRDA:17,4,0,1
BRDA:17,4,1,1
BRDA:31,5,0,1
BRDA:31,5,1,1
BRDA:31,6,0,2
BRDA:31,6,1,2
BRDA:59,7,0,0
BRDA:59,7,1,0
BRF:20
BRH:18
end_of_record
TN:
SF:src\repositories\reservations.repository.js
FN:2,(anonymous_0)
FN:5,(anonymous_1)
FN:17,(anonymous_2)
FN:38,(anonymous_3)
FN:47,(anonymous_4)
FN:57,(anonymous_5)
FN:83,(anonymous_6)
FN:96,(anonymous_7)
FNF:8
FNH:2
FNDA:1,(anonymous_0)
FNDA:0,(anonymous_1)
FNDA:0,(anonymous_2)
FNDA:0,(anonymous_3)
FNDA:0,(anonymous_4)
FNDA:1,(anonymous_5)
FNDA:0,(anonymous_6)
FNDA:0,(anonymous_7)
DA:3,1
DA:5,1
DA:6,0
DA:14,0
DA:17,1
DA:18,0
DA:35,0
DA:38,1
DA:39,0
DA:44,0
DA:47,1
DA:48,0
DA:53,0
DA:57,1
DA:58,1
DA:59,1
DA:80,1
DA:83,1
DA:84,0
DA:93,0
DA:96,1
DA:97,0
DA:102,0
LF:23
LH:11
BRF:0
BRH:0
end_of_record
TN:
SF:src\repositories\trainers.repository.js
FN:2,(anonymous_0)
FN:6,(anonymous_1)
FN:27,(anonymous_2)
FN:36,(anonymous_3)
FN:49,(anonymous_4)
FN:78,(anonymous_5)
FN:91,(anonymous_6)
FN:102,(anonymous_7)
FN:112,(anonymous_8)
FN:125,(anonymous_9)
FN:140,(anonymous_10)
FNF:11
FNH:2
FNDA:1,(anonymous_0)
FNDA:0,(anonymous_1)
FNDA:0,(anonymous_2)
FNDA:0,(anonymous_3)
FNDA:1,(anonymous_4)
FNDA:0,(anonymous_5)
FNDA:0,(anonymous_6)
FNDA:0,(anonymous_7)
FNDA:0,(anonymous_8)
FNDA:0,(anonymous_9)
FNDA:0,(anonymous_10)
DA:3,1
DA:6,1
DA:7,0
DA:16,0
DA:24,0
DA:27,1
DA:28,0
DA:33,0
DA:36,1
DA:37,0
DA:45,0
DA:49,1
DA:50,1
DA:75,1
DA:78,1
DA:79,0
DA:87,0
DA:91,1
DA:92,0
DA:98,0
DA:99,0
DA:102,1
DA:103,0
DA:109,0
DA:112,1
DA:113,0
DA:121,0
DA:125,1
DA:126,0
DA:137,0
DA:140,1
DA:141,0
DA:146,0
LF:33
LH:13
BRF:0
BRH:0
end_of_record
TN:
SF:src\repositories\users.repository.js
FN:4,(anonymous_0)
FN:8,(anonymous_1)
FN:16,(anonymous_2)
FN:27,(anonymous_3)
FN:29,(anonymous_4)
FN:50,(anonymous_5)
FN:58,(anonymous_6)
FNF:7
FNH:4
FNDA:1,(anonymous_0)
FNDA:1,(anonymous_1)
FNDA:0,(anonymous_2)
FNDA:1,(anonymous_3)
FNDA:0,(anonymous_4)
FNDA:1,(anonymous_5)
FNDA:0,(anonymous_6)
DA:5,1
DA:6,1
DA:8,1
DA:9,1
DA:14,1
DA:16,1
DA:17,0
DA:25,0
DA:27,1
DA:29,1
DA:30,0
DA:39,0
DA:46,0
DA:48,0
DA:50,1
DA:51,1
DA:56,1
DA:58,1
DA:59,0
DA:60,0
LF:20
LH:12
BRF:0
BRH:0
end_of_record
TN:
SF:src\services\trainers.service.js
FN:4,(anonymous_0)
FN:8,(anonymous_1)
FN:24,(anonymous_2)
FN:32,(anonymous_3)
FN:41,(anonymous_4)
FN:60,(anonymous_5)
FN:68,(anonymous_6)
FN:73,(anonymous_7)
FNF:8
FNH:2
FNDA:1,(anonymous_0)
FNDA:0,(anonymous_1)
FNDA:0,(anonymous_2)
FNDA:0,(anonymous_3)
FNDA:0,(anonymous_4)
FNDA:2,(anonymous_5)
FNDA:0,(anonymous_6)
FNDA:0,(anonymous_7)
DA:5,1
DA:8,1
DA:9,0
DA:11,0
DA:12,0
DA:13,0
DA:17,0
DA:18,0
DA:20,0
DA:21,0
DA:24,1
DA:25,0
DA:26,0
DA:27,0
DA:29,0
DA:32,1
DA:33,0
DA:34,0
DA:35,0
DA:37,0
DA:41,1
DA:42,0
DA:43,0
DA:44,0
DA:45,0
DA:49,0
DA:50,0
DA:51,0
DA:53,0
DA:60,1
DA:61,2
DA:62,2
DA:63,1
DA:65,1
DA:68,1
DA:69,0
DA:70,0
DA:73,1
DA:74,0
DA:75,0
LF:40
LH:12
BRDA:11,0,0,0
BRDA:11,0,1,0
BRDA:12,1,0,0
BRDA:12,1,1,0
BRDA:17,2,0,0
BRDA:17,2,1,0
BRDA:17,3,0,0
BRDA:17,3,1,0
BRDA:17,3,2,0
BRDA:26,4,0,0
BRDA:26,4,1,0
BRDA:34,5,0,0
BRDA:34,5,1,0
BRDA:43,6,0,0
BRDA:43,6,1,0
BRDA:50,7,0,0
BRDA:50,7,1,0
BRDA:62,8,0,1
BRDA:62,8,1,1
BRF:19
BRH:2
end_of_record
TN:
SF:src\services\users.service.js
FN:7,(anonymous_0)
FN:10,(anonymous_1)
FN:33,(anonymous_2)
FN:41,(anonymous_3)
FN:52,(anonymous_4)
FNF:5
FNH:4
FNDA:1,(anonymous_0)
FNDA:3,(anonymous_1)
FNDA:2,(anonymous_2)
FNDA:3,(anonymous_3)
FNDA:0,(anonymous_4)
DA:8,1
DA:10,1
DA:11,3
DA:12,3
DA:13,1
DA:15,2
DA:16,2
DA:17,1
DA:19,1
DA:20,1
DA:21,1
DA:33,1
DA:34,2
DA:35,2
DA:36,2
DA:37,1
DA:39,1
DA:41,1
DA:42,3
DA:43,3
DA:44,2
DA:45,2
DA:46,1
DA:48,1
DA:52,1
DA:53,0
DA:57,0
DA:61,0
DA:62,0
DA:63,0
DA:66,0
LF:31
LH:25
BRDA:12,0,0,1
BRDA:12,0,1,2
BRDA:16,1,0,1
BRDA:16,1,1,1
BRDA:36,2,0,1
BRDA:36,2,1,1
BRDA:43,3,0,1
BRDA:43,3,1,2
BRDA:45,4,0,1
BRDA:45,4,1,1
BRF:10
BRH:10
end_of_record
TN:
SF:src\utils\errorHandler.js
FN:2,(anonymous_0)
FNF:1
FNH:1
FNDA:18,(anonymous_0)
DA:3,18
DA:4,18
DA:5,18
LF:3
LH:3
BRF:0
BRH:0
end_of_record
