TN:
SF:src\controllers\users.controller.js
FN:4,(anonymous_0)
FN:7,(anonymous_1)
FN:27,(anonymous_2)
FN:55,(anonymous_3)
FNF:4
FNH:3
FNDA:1,(anonymous_0)
FNDA:4,(anonymous_1)
FNDA:2,(anonymous_2)
FNDA:0,(anonymous_3)
DA:5,1
DA:7,1
DA:8,4
DA:9,4
DA:10,4
DA:11,1
DA:13,3
DA:14,1
DA:16,2
DA:17,1
DA:19,1
DA:20,1
DA:22,1
DA:24,3
DA:27,1
DA:28,2
DA:29,2
DA:30,2
DA:31,1
DA:33,1
DA:34,1
DA:36,1
DA:37,1
DA:43,1
DA:50,1
DA:52,1
DA:55,1
DA:56,0
DA:57,0
LF:29
LH:27
BRDA:10,0,0,1
BRDA:10,0,1,3
BRDA:10,1,0,4
BRDA:10,1,1,4
BRDA:10,1,2,4
BRDA:10,1,3,3
BRDA:10,1,4,3
BRDA:10,1,5,3
BRDA:13,2,0,1
BRDA:13,2,1,2
BRDA:13,3,0,3
BRDA:13,3,1,3
BRDA:16,4,0,1
BRDA:16,4,1,1
BRDA:30,5,0,1
BRDA:30,5,1,1
BRDA:30,6,0,2
BRDA:30,6,1,2
BRF:18
BRH:18
end_of_record
TN:
SF:src\repositories\users.repository.js
FN:2,(anonymous_0)
FN:5,(anonymous_1)
FN:13,(anonymous_2)
FN:25,(anonymous_3)
FNF:4
FNH:4
FNDA:1,(anonymous_0)
FNDA:1,(anonymous_1)
FNDA:1,(anonymous_2)
FNDA:1,(anonymous_3)
DA:3,1
DA:5,1
DA:6,1
DA:11,1
DA:13,1
DA:14,1
DA:23,1
DA:25,1
DA:26,1
DA:31,1
LF:10
LH:10
BRF:0
BRH:0
end_of_record
TN:
SF:src\services\users.service.js
FN:6,(anonymous_0)
FN:9,(anonymous_1)
FN:30,(anonymous_2)
FN:38,(anonymous_3)
FN:49,(anonymous_4)
FNF:5
FNH:4
FNDA:1,(anonymous_0)
FNDA:3,(anonymous_1)
FNDA:2,(anonymous_2)
FNDA:3,(anonymous_3)
FNDA:0,(anonymous_4)
DA:7,1
DA:9,1
DA:10,3
DA:11,3
DA:12,1
DA:14,2
DA:15,2
DA:16,1
DA:18,1
DA:19,1
DA:20,1
DA:30,1
DA:31,2
DA:32,2
DA:33,2
DA:34,1
DA:36,1
DA:38,1
DA:39,3
DA:40,3
DA:41,2
DA:42,2
DA:43,1
DA:45,1
DA:49,1
DA:50,0
DA:54,0
DA:58,0
DA:59,0
DA:61,0
LF:30
LH:25
BRDA:11,0,0,1
BRDA:11,0,1,2
BRDA:15,1,0,1
BRDA:15,1,1,1
BRDA:33,2,0,1
BRDA:33,2,1,1
BRDA:40,3,0,1
BRDA:40,3,1,2
BRDA:42,4,0,1
BRDA:42,4,1,1
BRF:10
BRH:10
end_of_record
TN:
SF:src\utils\errorHandler.js
FN:2,(anonymous_0)
FNF:1
FNH:1
FNDA:13,(anonymous_0)
DA:3,13
DA:4,13
DA:5,13
LF:3
LH:3
BRF:0
BRH:0
end_of_record
